stickerview/build/intermediates/manifest_merge_blame_file/debug/manifest-merger-blame-debug-report.txt
1<?xml version="1.0" encoding="utf-8"?>
2<manifest xmlns:android="http://schemas.android.com/apk/res/android"
3    package="com.knef.stickerview" >
4
5    <uses-sdk
6        android:minSdkVersion="14"
6-->src/main/AndroidManifest.xml
7        android:targetSdkVersion="31" />
7-->src/main/AndroidManifest.xml
8
9    <application android:label="@string/app_name" >
9-->src/main/AndroidManifest.xml:3:5-5:19
9-->src/main/AndroidManifest.xml:3:18-50
10    </application>
11
12</manifest>